{"/Users/javiertarulla/Dev/fruit-app/src/api/client.js": {"path":"/Users/javiertarulla/Dev/fruit-app/src/api/client.js","statementMap":{"0":{"start":{"line":3,"column":13},"end":{"line":3,"column":36}},"1":{"start":{"line":4,"column":16},"end":{"line":4,"column":31}},"2":{"start":{"line":6,"column":13},"end":{"line":11,"column":2}}},"fnMap":{},"branchMap":{},"s":{"0":3,"1":3,"2":3},"f":{},"b":{},"_coverageSchema":"43e27e138ebf9cfc5966b082cf9a028302ed4184","hash":"ea13d1ad7200c82185837e02619e041ce9d3ad52"}
,"/Users/javiertarulla/Dev/fruit-app/src/api/fruits.js": {"path":"/Users/javiertarulla/Dev/fruit-app/src/api/fruits.js","statementMap":{"0":{"start":{"line":5,"column":4},"end":{"line":5,"column":24}},"1":{"start":{"line":8,"column":4},"end":{"line":8,"column":32}},"2":{"start":{"line":11,"column":4},"end":{"line":11,"column":39}},"3":{"start":{"line":14,"column":4},"end":{"line":14,"column":35}}},"fnMap":{"0":{"name":"(anonymous_0)","decl":{"start":{"line":4,"column":2},"end":{"line":4,"column":3}},"loc":{"start":{"line":4,"column":17},"end":{"line":6,"column":3}},"line":4},"1":{"name":"(anonymous_1)","decl":{"start":{"line":7,"column":2},"end":{"line":7,"column":3}},"loc":{"start":{"line":7,"column":15},"end":{"line":9,"column":3}},"line":7},"2":{"name":"(anonymous_2)","decl":{"start":{"line":10,"column":2},"end":{"line":10,"column":3}},"loc":{"start":{"line":10,"column":18},"end":{"line":12,"column":3}},"line":10},"3":{"name":"(anonymous_3)","decl":{"start":{"line":13,"column":2},"end":{"line":13,"column":3}},"loc":{"start":{"line":13,"column":18},"end":{"line":15,"column":3}},"line":13}},"branchMap":{},"s":{"0":1,"1":0,"2":0,"3":0},"f":{"0":1,"1":0,"2":0,"3":0},"b":{},"_coverageSchema":"43e27e138ebf9cfc5966b082cf9a028302ed4184","hash":"cf592b38ab1468561fa599488bea8f841199fdc2"}
,"/Users/javiertarulla/Dev/fruit-app/src/components/FruitCard.vue": {"path":"/Users/javiertarulla/Dev/fruit-app/src/components/FruitCard.vue","statementMap":{"0":{"start":{"line":27,"column":0},"end":{"line":27,"column":null}},"1":{"start":{"line":28,"column":0},"end":{"line":28,"column":null}},"2":{"start":{"line":29,"column":0},"end":{"line":29,"column":null}},"3":{"start":{"line":46,"column":0},"end":{"line":48,"column":null}},"4":{"start":{"line":47,"column":0},"end":{"line":47,"column":null}}},"fnMap":{"0":{"name":"(anonymous_2)","decl":{"start":{"line":45,"column":0},"end":{"line":45,"column":null}},"loc":{"start":{"line":45,"column":0},"end":{"line":49,"column":null}}}},"branchMap":{"0":{"loc":{"start":{"line":46,"column":0},"end":{"line":48,"column":null}},"type":"if","locations":[{"start":{"line":46,"column":0},"end":{"line":48,"column":null}},{"start":{"line":46,"column":0},"end":{"line":48,"column":null}}]}},"s":{"0":3,"1":3,"2":3,"3":1,"4":1},"f":{"0":1},"b":{"0":[1,0]}}
,"/Users/javiertarulla/Dev/fruit-app/src/components/FruitDetail.vue": {"path":"/Users/javiertarulla/Dev/fruit-app/src/components/FruitDetail.vue","statementMap":{"0":{"start":{"line":37,"column":0},"end":{"line":37,"column":null}},"1":{"start":{"line":38,"column":0},"end":{"line":38,"column":null}},"2":{"start":{"line":39,"column":0},"end":{"line":39,"column":null}},"3":{"start":{"line":47,"column":0},"end":{"line":47,"column":null}},"4":{"start":{"line":52,"column":0},"end":{"line":52,"column":null}},"5":{"start":{"line":56,"column":0},"end":{"line":63,"column":null}},"6":{"start":{"line":58,"column":0},"end":{"line":58,"column":null}},"7":{"start":{"line":61,"column":0},"end":{"line":61,"column":null}},"8":{"start":{"line":62,"column":0},"end":{"line":62,"column":null}}},"fnMap":{"0":{"name":"(anonymous_2)","decl":{"start":{"line":46,"column":0},"end":{"line":46,"column":null}},"loc":{"start":{"line":46,"column":0},"end":{"line":50,"column":null}}},"1":{"name":"(anonymous_3)","decl":{"start":{"line":51,"column":0},"end":{"line":51,"column":null}},"loc":{"start":{"line":51,"column":0},"end":{"line":53,"column":null}}},"2":{"name":"(anonymous_4)","decl":{"start":{"line":55,"column":0},"end":{"line":55,"column":null}},"loc":{"start":{"line":55,"column":0},"end":{"line":64,"column":null}}},"3":{"name":"(anonymous_5)","decl":{"start":{"line":56,"column":0},"end":{"line":56,"column":null}},"loc":{"start":{"line":56,"column":0},"end":{"line":59,"column":null}}},"4":{"name":"(anonymous_6)","decl":{"start":{"line":59,"column":0},"end":{"line":59,"column":null}},"loc":{"start":{"line":59,"column":0},"end":{"line":63,"column":null}}}},"branchMap":{},"s":{"0":1,"1":1,"2":1,"3":0,"4":0,"5":0,"6":0,"7":0,"8":0},"f":{"0":0,"1":0,"2":0,"3":0,"4":0},"b":{}}
,"/Users/javiertarulla/Dev/fruit-app/src/components/FruitForm.vue": {"path":"/Users/javiertarulla/Dev/fruit-app/src/components/FruitForm.vue","statementMap":{"0":{"start":{"line":45,"column":0},"end":{"line":45,"column":null}},"1":{"start":{"line":46,"column":0},"end":{"line":46,"column":null}},"2":{"start":{"line":51,"column":0},"end":{"line":51,"column":null}},"3":{"start":{"line":67,"column":0},"end":{"line":67,"column":null}},"4":{"start":{"line":68,"column":0},"end":{"line":68,"column":null}}},"fnMap":{"0":{"name":"(anonymous_2)","decl":{"start":{"line":50,"column":0},"end":{"line":50,"column":null}},"loc":{"start":{"line":50,"column":0},"end":{"line":63,"column":null}}},"1":{"name":"(anonymous_3)","decl":{"start":{"line":66,"column":0},"end":{"line":66,"column":null}},"loc":{"start":{"line":66,"column":0},"end":{"line":69,"column":null}}}},"branchMap":{},"s":{"0":3,"1":3,"2":1,"3":1,"4":1},"f":{"0":1,"1":1},"b":{}}
,"/Users/javiertarulla/Dev/fruit-app/src/components/FruitList.vue": {"path":"/Users/javiertarulla/Dev/fruit-app/src/components/FruitList.vue","statementMap":{"0":{"start":{"line":19,"column":0},"end":{"line":19,"column":null}},"1":{"start":{"line":20,"column":0},"end":{"line":20,"column":null}},"2":{"start":{"line":31,"column":0},"end":{"line":31,"column":null}}},"fnMap":{"0":{"name":"(anonymous_2)","decl":{"start":{"line":30,"column":0},"end":{"line":30,"column":null}},"loc":{"start":{"line":30,"column":0},"end":{"line":32,"column":null}}}},"branchMap":{},"s":{"0":3,"1":3,"2":10},"f":{"0":10},"b":{}}
,"/Users/javiertarulla/Dev/fruit-app/src/helpers/fruitObjectParser.js": {"path":"/Users/javiertarulla/Dev/fruit-app/src/helpers/fruitObjectParser.js","statementMap":{"0":{"start":{"line":1,"column":16},"end":{"line":3,"column":57}},"1":{"start":{"line":1,"column":26},"end":{"line":3,"column":57}},"2":{"start":{"line":5,"column":26},"end":{"line":21,"column":1}},"3":{"start":{"line":6,"column":19},"end":{"line":6,"column":21}},"4":{"start":{"line":8,"column":4},"end":{"line":10,"column":5}},"5":{"start":{"line":9,"column":8},"end":{"line":9,"column":26}},"6":{"start":{"line":12,"column":4},"end":{"line":16,"column":5}},"7":{"start":{"line":13,"column":8},"end":{"line":15,"column":9}},"8":{"start":{"line":14,"column":12},"end":{"line":14,"column":55}},"9":{"start":{"line":18,"column":4},"end":{"line":18,"column":41}},"10":{"start":{"line":18,"column":27},"end":{"line":18,"column":38}},"11":{"start":{"line":20,"column":4},"end":{"line":20,"column":18}}},"fnMap":{"0":{"name":"(anonymous_0)","decl":{"start":{"line":1,"column":16},"end":{"line":1,"column":17}},"loc":{"start":{"line":1,"column":26},"end":{"line":3,"column":57}},"line":1},"1":{"name":"(anonymous_1)","decl":{"start":{"line":5,"column":26},"end":{"line":5,"column":27}},"loc":{"start":{"line":5,"column":36},"end":{"line":21,"column":1}},"line":5},"2":{"name":"(anonymous_2)","decl":{"start":{"line":18,"column":16},"end":{"line":18,"column":17}},"loc":{"start":{"line":18,"column":27},"end":{"line":18,"column":38}},"line":18}},"branchMap":{"0":{"loc":{"start":{"line":1,"column":26},"end":{"line":3,"column":57}},"type":"binary-expr","locations":[{"start":{"line":1,"column":26},"end":{"line":1,"column":52}},{"start":{"line":2,"column":8},"end":{"line":2,"column":25}},{"start":{"line":2,"column":29},"end":{"line":2,"column":34}},{"start":{"line":3,"column":7},"end":{"line":3,"column":57}}],"line":1},"1":{"loc":{"start":{"line":8,"column":4},"end":{"line":10,"column":5}},"type":"if","locations":[{"start":{"line":8,"column":4},"end":{"line":10,"column":5}},{"start":{"line":8,"column":4},"end":{"line":10,"column":5}}],"line":8},"2":{"loc":{"start":{"line":13,"column":8},"end":{"line":15,"column":9}},"type":"if","locations":[{"start":{"line":13,"column":8},"end":{"line":15,"column":9}},{"start":{"line":13,"column":8},"end":{"line":15,"column":9}}],"line":13}},"s":{"0":2,"1":0,"2":2,"3":0,"4":0,"5":0,"6":0,"7":0,"8":0,"9":0,"10":0,"11":0},"f":{"0":0,"1":0,"2":0},"b":{"0":[0,0,0,0],"1":[0,0],"2":[0,0]},"_coverageSchema":"43e27e138ebf9cfc5966b082cf9a028302ed4184","hash":"71ef52478f9f90a8e33cb128efaa9b96d26fb24e"}
,"/Users/javiertarulla/Dev/fruit-app/src/router/index.js": {"path":"/Users/javiertarulla/Dev/fruit-app/src/router/index.js","statementMap":{"0":{"start":{"line":5,"column":0},"end":{"line":5,"column":18}},"1":{"start":{"line":7,"column":22},"end":{"line":18,"column":1}},"2":{"start":{"line":16,"column":21},"end":{"line":16,"column":92}},"3":{"start":{"line":20,"column":15},"end":{"line":24,"column":2}}},"fnMap":{"0":{"name":"(anonymous_0)","decl":{"start":{"line":16,"column":15},"end":{"line":16,"column":16}},"loc":{"start":{"line":16,"column":21},"end":{"line":16,"column":92}},"line":16}},"branchMap":{},"s":{"0":3,"1":3,"2":1,"3":3},"f":{"0":1},"b":{},"_coverageSchema":"43e27e138ebf9cfc5966b082cf9a028302ed4184","hash":"d30ed6545a83f3573acb21822bd2b43e06f6068b"}
,"/Users/javiertarulla/Dev/fruit-app/src/store/index.js": {"path":"/Users/javiertarulla/Dev/fruit-app/src/store/index.js","statementMap":{"0":{"start":{"line":5,"column":0},"end":{"line":5,"column":13}}},"fnMap":{},"branchMap":{},"s":{"0":2},"f":{},"b":{},"_coverageSchema":"43e27e138ebf9cfc5966b082cf9a028302ed4184","hash":"1ab7f0f809cadd0e86c14778bc749ef8d79cf73b"}
,"/Users/javiertarulla/Dev/fruit-app/src/store/modules/fruits.js": {"path":"/Users/javiertarulla/Dev/fruit-app/src/store/modules/fruits.js","statementMap":{"0":{"start":{"line":6,"column":26},"end":{"line":6,"column":38}},"1":{"start":{"line":7,"column":29},"end":{"line":7,"column":44}},"2":{"start":{"line":8,"column":28},"end":{"line":8,"column":42}},"3":{"start":{"line":10,"column":14},"end":{"line":12,"column":1}},"4":{"start":{"line":14,"column":16},"end":{"line":16,"column":1}},"5":{"start":{"line":15,"column":22},"end":{"line":15,"column":34}},"6":{"start":{"line":18,"column":18},"end":{"line":28,"column":1}},"7":{"start":{"line":20,"column":4},"end":{"line":20,"column":25}},"8":{"start":{"line":23,"column":4},"end":{"line":23,"column":45}},"9":{"start":{"line":26,"column":4},"end":{"line":26,"column":65}},"10":{"start":{"line":26,"column":48},"end":{"line":26,"column":63}},"11":{"start":{"line":30,"column":16},"end":{"line":72,"column":1}},"12":{"start":{"line":32,"column":4},"end":{"line":44,"column":8}},"13":{"start":{"line":34,"column":8},"end":{"line":37,"column":9}},"14":{"start":{"line":39,"column":8},"end":{"line":39,"column":40}},"15":{"start":{"line":42,"column":8},"end":{"line":42,"column":51}},"16":{"start":{"line":43,"column":8},"end":{"line":43,"column":27}},"17":{"start":{"line":47,"column":4},"end":{"line":57,"column":8}},"18":{"start":{"line":49,"column":8},"end":{"line":49,"column":44}},"19":{"start":{"line":50,"column":8},"end":{"line":50,"column":60}},"20":{"start":{"line":52,"column":8},"end":{"line":52,"column":40}},"21":{"start":{"line":55,"column":8},"end":{"line":55,"column":51}},"22":{"start":{"line":56,"column":8},"end":{"line":56,"column":27}},"23":{"start":{"line":60,"column":4},"end":{"line":70,"column":8}},"24":{"start":{"line":62,"column":8},"end":{"line":62,"column":38}},"25":{"start":{"line":63,"column":8},"end":{"line":63,"column":62}},"26":{"start":{"line":65,"column":8},"end":{"line":65,"column":40}},"27":{"start":{"line":68,"column":8},"end":{"line":68,"column":51}},"28":{"start":{"line":69,"column":8},"end":{"line":69,"column":27}}},"fnMap":{"0":{"name":"(anonymous_0)","decl":{"start":{"line":15,"column":13},"end":{"line":15,"column":14}},"loc":{"start":{"line":15,"column":22},"end":{"line":15,"column":34}},"line":15},"1":{"name":"(anonymous_1)","decl":{"start":{"line":19,"column":2},"end":{"line":19,"column":3}},"loc":{"start":{"line":19,"column":31},"end":{"line":21,"column":3}},"line":19},"2":{"name":"(anonymous_2)","decl":{"start":{"line":22,"column":2},"end":{"line":22,"column":3}},"loc":{"start":{"line":22,"column":33},"end":{"line":24,"column":3}},"line":22},"3":{"name":"(anonymous_3)","decl":{"start":{"line":25,"column":2},"end":{"line":25,"column":3}},"loc":{"start":{"line":25,"column":29},"end":{"line":27,"column":3}},"line":25},"4":{"name":"(anonymous_4)","decl":{"start":{"line":26,"column":39},"end":{"line":26,"column":40}},"loc":{"start":{"line":26,"column":48},"end":{"line":26,"column":63}},"line":26},"5":{"name":"(anonymous_5)","decl":{"start":{"line":31,"column":2},"end":{"line":31,"column":3}},"loc":{"start":{"line":31,"column":30},"end":{"line":45,"column":3}},"line":31},"6":{"name":"(anonymous_6)","decl":{"start":{"line":33,"column":12},"end":{"line":33,"column":13}},"loc":{"start":{"line":33,"column":24},"end":{"line":40,"column":7}},"line":33},"7":{"name":"(anonymous_7)","decl":{"start":{"line":41,"column":13},"end":{"line":41,"column":14}},"loc":{"start":{"line":41,"column":20},"end":{"line":44,"column":7}},"line":41},"8":{"name":"(anonymous_8)","decl":{"start":{"line":46,"column":2},"end":{"line":46,"column":3}},"loc":{"start":{"line":46,"column":31},"end":{"line":58,"column":3}},"line":46},"9":{"name":"(anonymous_9)","decl":{"start":{"line":48,"column":12},"end":{"line":48,"column":13}},"loc":{"start":{"line":48,"column":24},"end":{"line":53,"column":7}},"line":48},"10":{"name":"(anonymous_10)","decl":{"start":{"line":54,"column":13},"end":{"line":54,"column":14}},"loc":{"start":{"line":54,"column":20},"end":{"line":57,"column":7}},"line":54},"11":{"name":"(anonymous_11)","decl":{"start":{"line":59,"column":2},"end":{"line":59,"column":3}},"loc":{"start":{"line":59,"column":34},"end":{"line":71,"column":3}},"line":59},"12":{"name":"(anonymous_12)","decl":{"start":{"line":61,"column":12},"end":{"line":61,"column":13}},"loc":{"start":{"line":61,"column":24},"end":{"line":66,"column":7}},"line":61},"13":{"name":"(anonymous_13)","decl":{"start":{"line":67,"column":13},"end":{"line":67,"column":14}},"loc":{"start":{"line":67,"column":20},"end":{"line":70,"column":7}},"line":67}},"branchMap":{},"s":{"0":2,"1":2,"2":2,"3":2,"4":2,"5":1,"6":2,"7":2,"8":1,"9":1,"10":1,"11":2,"12":1,"13":0,"14":0,"15":0,"16":0,"17":0,"18":0,"19":0,"20":0,"21":0,"22":0,"23":0,"24":0,"25":0,"26":0,"27":0,"28":0},"f":{"0":1,"1":2,"2":1,"3":1,"4":1,"5":1,"6":0,"7":0,"8":0,"9":0,"10":0,"11":0,"12":0,"13":0},"b":{},"_coverageSchema":"43e27e138ebf9cfc5966b082cf9a028302ed4184","hash":"7104710ae53ebff9eccd92a9fdfdb6cb07815f43"}
,"/Users/javiertarulla/Dev/fruit-app/src/views/FruitPage.vue": {"path":"/Users/javiertarulla/Dev/fruit-app/src/views/FruitPage.vue","statementMap":{"0":{"start":{"line":9,"column":0},"end":{"line":9,"column":null}},"1":{"start":{"line":10,"column":0},"end":{"line":10,"column":null}}},"fnMap":{},"branchMap":{},"s":{"0":1,"1":1},"f":{},"b":{}}
,"/Users/javiertarulla/Dev/fruit-app/src/views/HomePage.vue": {"path":"/Users/javiertarulla/Dev/fruit-app/src/views/HomePage.vue","statementMap":{"0":{"start":{"line":21,"column":0},"end":{"line":21,"column":null}},"1":{"start":{"line":22,"column":0},"end":{"line":22,"column":null}},"2":{"start":{"line":23,"column":0},"end":{"line":23,"column":null}},"3":{"start":{"line":33,"column":0},"end":{"line":33,"column":null}}},"fnMap":{"0":{"name":"(anonymous_2)","decl":{"start":{"line":32,"column":0},"end":{"line":32,"column":null}},"loc":{"start":{"line":32,"column":0},"end":{"line":36,"column":null}}}},"branchMap":{},"s":{"0":3,"1":3,"2":3,"3":3},"f":{"0":3},"b":{}}
}
