TN:
SF:/Users/javiertarulla/Dev/fruit-app/src/api/client.js
FNF:0
FNH:0
DA:3,3
DA:4,3
DA:6,3
LF:3
LH:3
BRF:0
BRH:0
end_of_record
TN:
SF:/Users/javiertarulla/Dev/fruit-app/src/api/fruits.js
FN:4,(anonymous_0)
FN:7,(anonymous_1)
FN:10,(anonymous_2)
FN:13,(anonymous_3)
FNF:4
FNH:1
FNDA:1,(anonymous_0)
FNDA:0,(anonymous_1)
FNDA:0,(anonymous_2)
FNDA:0,(anonymous_3)
DA:5,1
DA:8,0
DA:11,0
DA:14,0
LF:4
LH:1
BRF:0
BRH:0
end_of_record
TN:
SF:/Users/javiertarulla/Dev/fruit-app/src/components/FruitCard.vue
FN:45,(anonymous_2)
FNF:1
FNH:1
FNDA:1,(anonymous_2)
DA:27,3
DA:28,3
DA:29,3
DA:46,1
DA:47,1
LF:5
LH:5
BRDA:46,0,0,1
BRDA:46,0,1,0
BRF:2
BRH:1
end_of_record
TN:
SF:/Users/javiertarulla/Dev/fruit-app/src/components/FruitDetail.vue
FN:46,(anonymous_2)
FN:51,(anonymous_3)
FN:55,(anonymous_4)
FN:56,(anonymous_5)
FN:59,(anonymous_6)
FNF:5
FNH:0
FNDA:0,(anonymous_2)
FNDA:0,(anonymous_3)
FNDA:0,(anonymous_4)
FNDA:0,(anonymous_5)
FNDA:0,(anonymous_6)
DA:37,1
DA:38,1
DA:39,1
DA:47,0
DA:52,0
DA:56,0
DA:58,0
DA:61,0
DA:62,0
LF:9
LH:3
BRF:0
BRH:0
end_of_record
TN:
SF:/Users/javiertarulla/Dev/fruit-app/src/components/FruitForm.vue
FN:50,(anonymous_2)
FN:66,(anonymous_3)
FNF:2
FNH:2
FNDA:1,(anonymous_2)
FNDA:1,(anonymous_3)
DA:45,3
DA:46,3
DA:51,1
DA:67,1
DA:68,1
LF:5
LH:5
BRF:0
BRH:0
end_of_record
TN:
SF:/Users/javiertarulla/Dev/fruit-app/src/components/FruitList.vue
FN:30,(anonymous_2)
FNF:1
FNH:1
FNDA:10,(anonymous_2)
DA:19,3
DA:20,3
DA:31,10
LF:3
LH:3
BRF:0
BRH:0
end_of_record
TN:
SF:/Users/javiertarulla/Dev/fruit-app/src/helpers/fruitObjectParser.js
FN:1,(anonymous_0)
FN:5,(anonymous_1)
FN:18,(anonymous_2)
FNF:3
FNH:0
FNDA:0,(anonymous_0)
FNDA:0,(anonymous_1)
FNDA:0,(anonymous_2)
DA:1,2
DA:5,2
DA:6,0
DA:8,0
DA:9,0
DA:12,0
DA:13,0
DA:14,0
DA:18,0
DA:20,0
LF:10
LH:2
BRDA:1,0,0,0
BRDA:1,0,1,0
BRDA:1,0,2,0
BRDA:1,0,3,0
BRDA:8,1,0,0
BRDA:8,1,1,0
BRDA:13,2,0,0
BRDA:13,2,1,0
BRF:8
BRH:0
end_of_record
TN:
SF:/Users/javiertarulla/Dev/fruit-app/src/router/index.js
FN:16,(anonymous_0)
FNF:1
FNH:1
FNDA:1,(anonymous_0)
DA:5,3
DA:7,3
DA:16,1
DA:20,3
LF:4
LH:4
BRF:0
BRH:0
end_of_record
TN:
SF:/Users/javiertarulla/Dev/fruit-app/src/store/index.js
FNF:0
FNH:0
DA:5,2
LF:1
LH:1
BRF:0
BRH:0
end_of_record
TN:
SF:/Users/javiertarulla/Dev/fruit-app/src/store/modules/fruits.js
FN:15,(anonymous_0)
FN:19,(anonymous_1)
FN:22,(anonymous_2)
FN:25,(anonymous_3)
FN:26,(anonymous_4)
FN:31,(anonymous_5)
FN:33,(anonymous_6)
FN:41,(anonymous_7)
FN:46,(anonymous_8)
FN:48,(anonymous_9)
FN:54,(anonymous_10)
FN:59,(anonymous_11)
FN:61,(anonymous_12)
FN:67,(anonymous_13)
FNF:14
FNH:6
FNDA:1,(anonymous_0)
FNDA:2,(anonymous_1)
FNDA:1,(anonymous_2)
FNDA:1,(anonymous_3)
FNDA:1,(anonymous_4)
FNDA:1,(anonymous_5)
FNDA:0,(anonymous_6)
FNDA:0,(anonymous_7)
FNDA:0,(anonymous_8)
FNDA:0,(anonymous_9)
FNDA:0,(anonymous_10)
FNDA:0,(anonymous_11)
FNDA:0,(anonymous_12)
FNDA:0,(anonymous_13)
DA:6,2
DA:7,2
DA:8,2
DA:10,2
DA:14,2
DA:15,1
DA:18,2
DA:20,2
DA:23,1
DA:26,1
DA:30,2
DA:32,1
DA:34,0
DA:39,0
DA:42,0
DA:43,0
DA:47,0
DA:49,0
DA:50,0
DA:52,0
DA:55,0
DA:56,0
DA:60,0
DA:62,0
DA:63,0
DA:65,0
DA:68,0
DA:69,0
LF:28
LH:12
BRF:0
BRH:0
end_of_record
TN:
SF:/Users/javiertarulla/Dev/fruit-app/src/views/FruitPage.vue
FNF:0
FNH:0
DA:9,1
DA:10,1
LF:2
LH:2
BRF:0
BRH:0
end_of_record
TN:
SF:/Users/javiertarulla/Dev/fruit-app/src/views/HomePage.vue
FN:32,(anonymous_2)
FNF:1
FNH:1
FNDA:3,(anonymous_2)
DA:21,3
DA:22,3
DA:23,3
DA:33,3
LF:4
LH:4
BRF:0
BRH:0
end_of_record
